2023-05-10 19:46:37,546:WARNING:
'cuml' is a soft dependency and not included in the pycaret installation. Please run: `pip install cuml` to install.
2023-05-10 19:46:37,546:WARNING:
'cuml' is a soft dependency and not included in the pycaret installation. Please run: `pip install cuml` to install.
2023-05-10 19:46:37,546:WARNING:
'cuml' is a soft dependency and not included in the pycaret installation. Please run: `pip install cuml` to install.
2023-05-10 19:46:37,546:WARNING:
'cuml' is a soft dependency and not included in the pycaret installation. Please run: `pip install cuml` to install.
2023-05-10 19:46:38,552:WARNING:
'prophet' is a soft dependency and not included in the pycaret installation. Please run: `pip install prophet` to install.
2023-05-11 07:15:55,288:INFO:PyCaret Supervised Module
2023-05-11 07:15:55,290:INFO:ML Usecase: regression
2023-05-11 07:15:55,291:INFO:version 2.3.10
2023-05-11 07:15:55,291:INFO:Initializing setup()
2023-05-11 07:15:55,291:INFO:setup(target=pm, ml_usecase=regression, available_plots={'parameter': 'Hyperparameters', 'residuals': 'Residuals', 'error': 'Prediction Error', 'cooks': 'Cooks Distance', 'rfe': 'Feature Selection', 'learning': 'Learning Curve', 'manifold': 'Manifold Learning', 'vc': 'Validation Curve', 'feature': 'Feature Importance', 'feature_all': 'Feature Importance (All)', 'tree': 'Decision Tree', 'residuals_interactive': 'Interactive Residuals'}, train_size=0.7, test_data=None, preprocess=True, imputation_type=simple, iterative_imputation_iters=5, categorical_features=None, categorical_imputation=constant, categorical_iterative_imputer=lightgbm, ordinal_features=None, high_cardinality_features=None, high_cardinality_method=frequency, numeric_features=None, numeric_imputation=mean, numeric_iterative_imputer=lightgbm, date_features=None, ignore_features=None, normalize=False, normalize_method=zscore, transformation=False, transformation_method=yeo-johnson, handle_unknown_categorical=True, unknown_categorical_method=least_frequent, pca=False, pca_method=linear, pca_components=None, ignore_low_variance=False, combine_rare_levels=False, rare_level_threshold=0.1, bin_numeric_features=None, remove_outliers=False, outliers_threshold=0.05, remove_multicollinearity=False, multicollinearity_threshold=0.9, remove_perfect_collinearity=True, create_clusters=False, cluster_iter=20, polynomial_features=False, polynomial_degree=2, trigonometry_features=False, polynomial_threshold=0.1, group_features=None, group_names=None, feature_selection=False, feature_selection_threshold=0.8, feature_selection_method=classic, feature_interaction=False, feature_ratio=False, interaction_threshold=0.01, fix_imbalance=False, fix_imbalance_method=None, transform_target=False, transform_target_method=box-cox, data_split_shuffle=True, data_split_stratify=False, fold_strategy=kfold, fold=10, fold_shuffle=False, fold_groups=None, n_jobs=-1, use_gpu=False, custom_pipeline=None, html=True, session_id=123, log_experiment=False, experiment_name=None, experiment_custom_tags=None, log_plots=False, log_profile=False, log_data=False, silent=False, verbose=True, profile=False, profile_kwargs=None, display=None)
2023-05-11 07:15:55,291:INFO:Checking environment
2023-05-11 07:15:55,291:INFO:python_version: 3.7.4
2023-05-11 07:15:55,291:INFO:python_build: ('default', 'Aug 13 2019 15:17:50')
2023-05-11 07:15:55,292:INFO:machine: x86_64
2023-05-11 07:15:55,386:INFO:platform: Darwin-20.6.0-x86_64-i386-64bit
2023-05-11 07:15:55,390:INFO:Memory: svmem(total=8589934592, available=2111262720, percent=75.4, used=3922620416, free=19824640, active=2026139648, inactive=2082455552, wired=1896480768)
2023-05-11 07:15:55,390:INFO:Physical Core: 2
2023-05-11 07:15:55,391:INFO:Logical Core: 4
2023-05-11 07:15:55,391:INFO:Checking libraries
2023-05-11 07:15:55,391:INFO:pd==1.2.4
2023-05-11 07:15:55,391:INFO:numpy==1.21.6
2023-05-11 07:15:55,391:INFO:sklearn==1.0.2
